Enzyme: 0
Channel: 0
Channel: 1
Channel: 2
Channel: 3
Enzyme: 1
Channel: 4
Channel: 5
Channel: 6
Channel: 7
Enzyme: 2
Enzyme: 3
Channel: 8
Channel: 9
Channel: 10
Channel: 11
Enzyme: 4
Enzyme: 5
Channel: 12
Channel: 13
Channel: 14
Channel: 15
Enzyme: 6
Enzyme: 7
Channel: 16
Channel: 17
Channel: 18
Channel: 19
Enzyme: 8
Enzyme: 9
Channel: 20
Channel: 21
Channel: 22
Channel: 23
Enzyme: 10
Channel: 24
Channel: 25
Channel: 26
Channel: 27
Enzyme: 11
Channel: 28
Channel: 29
Channel: 30
Channel: 31
Enzyme: 12
Channel: 32
Channel: 33
Channel: 34
Channel: 35
Channel: 36
Channel: 37
Channel: 38
Channel: 39
Enzyme: 13
Channel: 40
Channel: 41
Channel: 42
Channel: 43
Channel: 44
Channel: 45
Channel: 46
Channel: 47
